  [1m[35m (3598.7ms)[0m  [1m[35mCREATE TABLE "schema_migrations" ("version" character varying PRIMARY KEY)[0m
  [1m[35m (420.7ms)[0m  [1m[35mCREATE TABLE "ar_internal_metadata" ("key" character varying PRIMARY KEY, "value" character varying, "created_at" timestamp NOT NULL, "updated_at" timestamp NOT NULL)[0m
  [1m[35m (0.5ms)[0m  [1m[34mSELECT pg_try_advisory_lock(5275639258657711860);[0m
  [1m[36mActiveRecord::SchemaMigration Load (0.9ms)[0m  [1m[34mSELECT "schema_migrations".* FROM "schema_migrations"[0m
Migrating to CreateDelitos (20170307184026)
  [1m[35m (0.3ms)[0m  [1m[35mBEGIN[0m
  [1m[35m (379.6ms)[0m  [1m[35mCREATE TABLE "delitos" ("id" serial primary key, "delito_nombre" character varying, "delito_id" integer, "created_at" timestamp NOT NULL, "updated_at" timestamp NOT NULL)[0m
  [1m[35m (153.9ms)[0m  [1m[35mCREATE UNIQUE INDEX  "index_delitos_on_delito_nombre" ON "delitos"  ("delito_nombre")[0m
  [1m[35mSQL (0.9ms)[0m  [1m[32mINSERT INTO "schema_migrations" ("version") VALUES ($1) RETURNING "version"[0m  [["version", "20170307184026"]]
  [1m[35m (89.9ms)[0m  [1m[35mCOMMIT[0m
Migrating to CreateLocalidads (20170307184033)
  [1m[35m (0.3ms)[0m  [1m[35mBEGIN[0m
  [1m[35m (3110.5ms)[0m  [1m[35mCREATE TABLE "localidads" ("id" serial primary key, "localidad_nombre" character varying, "localidad_id" integer, "created_at" timestamp NOT NULL, "updated_at" timestamp NOT NULL)[0m
  [1m[35mSQL (0.5ms)[0m  [1m[32mINSERT INTO "schema_migrations" ("version") VALUES ($1) RETURNING "version"[0m  [["version", "20170307184033"]]
  [1m[35m (79.9ms)[0m  [1m[35mCOMMIT[0m
Migrating to CreateSitios (20170307184041)
  [1m[35m (0.4ms)[0m  [1m[35mBEGIN[0m
  [1m[35m (280.1ms)[0m  [1m[35mCREATE TABLE "sitios" ("id" serial primary key, "sitio_nombre" character varying, "created_at" timestamp NOT NULL, "updated_at" timestamp NOT NULL)[0m
  [1m[35m (217.2ms)[0m  [1m[35mCREATE UNIQUE INDEX  "index_sitios_on_sitio_nombre" ON "sitios"  ("sitio_nombre")[0m
  [1m[35mSQL (0.5ms)[0m  [1m[32mINSERT INTO "schema_migrations" ("version") VALUES ($1) RETURNING "version"[0m  [["version", "20170307184041"]]
  [1m[35m (106.6ms)[0m  [1m[35mCOMMIT[0m
Migrating to CreateArmas (20170307184049)
  [1m[35m (0.3ms)[0m  [1m[35mBEGIN[0m
  [1m[35m (307.7ms)[0m  [1m[35mCREATE TABLE "armas" ("id" serial primary key, "arma_nombre" character varying, "arma_id" integer, "created_at" timestamp NOT NULL, "updated_at" timestamp NOT NULL)[0m
  [1m[35m (51.6ms)[0m  [1m[35mCREATE UNIQUE INDEX  "index_armas_on_arma_nombre" ON "armas"  ("arma_nombre")[0m
  [1m[35mSQL (0.4ms)[0m  [1m[32mINSERT INTO "schema_migrations" ("version") VALUES ($1) RETURNING "version"[0m  [["version", "20170307184049"]]
  [1m[35m (204.3ms)[0m  [1m[35mCOMMIT[0m
Migrating to CreateGeneros (20170307184057)
  [1m[35m (0.3ms)[0m  [1m[35mBEGIN[0m
  [1m[35m (152.1ms)[0m  [1m[35mCREATE TABLE "generos" ("id" serial primary key, "genero_nombre" character varying, "created_at" timestamp NOT NULL, "updated_at" timestamp NOT NULL)[0m
  [1m[35m (126.0ms)[0m  [1m[35mCREATE UNIQUE INDEX  "index_generos_on_genero_nombre" ON "generos"  ("genero_nombre")[0m
  [1m[35mSQL (0.6ms)[0m  [1m[32mINSERT INTO "schema_migrations" ("version") VALUES ($1) RETURNING "version"[0m  [["version", "20170307184057"]]
  [1m[35m (84.5ms)[0m  [1m[35mCOMMIT[0m
Migrating to CreateEtnia (20170307184106)
  [1m[35m (0.3ms)[0m  [1m[35mBEGIN[0m
  [1m[35m (3088.9ms)[0m  [1m[35mCREATE TABLE "etnia" ("id" serial primary key, "etnia_nombre" character varying, "created_at" timestamp NOT NULL, "updated_at" timestamp NOT NULL)[0m
  [1m[35m (296.1ms)[0m  [1m[35mCREATE UNIQUE INDEX  "index_etnia_on_etnia_nombre" ON "etnia"  ("etnia_nombre")[0m
  [1m[35mSQL (0.8ms)[0m  [1m[32mINSERT INTO "schema_migrations" ("version") VALUES ($1) RETURNING "version"[0m  [["version", "20170307184106"]]
  [1m[35m (42.3ms)[0m  [1m[35mCOMMIT[0m
Migrating to CreateEstadoscivils (20170307184114)
  [1m[35m (0.3ms)[0m  [1m[35mBEGIN[0m
  [1m[35m (260.8ms)[0m  [1m[35mCREATE TABLE "estadoscivils" ("id" serial primary key, "estadocivil_nombre" character varying, "created_at" timestamp NOT NULL, "updated_at" timestamp NOT NULL)[0m
  [1m[35m (96.6ms)[0m  [1m[35mCREATE UNIQUE INDEX  "index_estadoscivils_on_estadocivil_nombre" ON "estadoscivils"  ("estadocivil_nombre")[0m
  [1m[35mSQL (0.5ms)[0m  [1m[32mINSERT INTO "schema_migrations" ("version") VALUES ($1) RETURNING "version"[0m  [["version", "20170307184114"]]
  [1m[35m (61.8ms)[0m  [1m[35mCOMMIT[0m
Migrating to CreateEscolaridads (20170307184121)
  [1m[35m (0.3ms)[0m  [1m[35mBEGIN[0m
  [1m[35m (341.9ms)[0m  [1m[35mCREATE TABLE "escolaridads" ("id" serial primary key, "escolaridad_nombre" character varying, "created_at" timestamp NOT NULL, "updated_at" timestamp NOT NULL)[0m
  [1m[35m (82.6ms)[0m  [1m[35mCREATE UNIQUE INDEX  "index_escolaridads_on_escolaridad_nombre" ON "escolaridads"  ("escolaridad_nombre")[0m
  [1m[35mSQL (0.5ms)[0m  [1m[32mINSERT INTO "schema_migrations" ("version") VALUES ($1) RETURNING "version"[0m  [["version", "20170307184121"]]
  [1m[35m (34.0ms)[0m  [1m[35mCOMMIT[0m
Migrating to CreateParentescos (20170307184134)
  [1m[35m (0.3ms)[0m  [1m[35mBEGIN[0m
  [1m[35m (2558.8ms)[0m  [1m[35mCREATE TABLE "parentescos" ("id" serial primary key, "parentesco_nombre" character varying, "created_at" timestamp NOT NULL, "updated_at" timestamp NOT NULL)[0m
  [1m[35m (240.5ms)[0m  [1m[35mCREATE UNIQUE INDEX  "index_parentescos_on_parentesco_nombre" ON "parentescos"  ("parentesco_nombre")[0m
  [1m[35mSQL (0.6ms)[0m  [1m[32mINSERT INTO "schema_migrations" ("version") VALUES ($1) RETURNING "version"[0m  [["version", "20170307184134"]]
  [1m[35m (653.3ms)[0m  [1m[35mCOMMIT[0m
Migrating to CreateCondicions (20170307184142)
  [1m[35m (0.4ms)[0m  [1m[35mBEGIN[0m
  [1m[35m (892.6ms)[0m  [1m[35mCREATE TABLE "condicions" ("id" serial primary key, "condicion_nombre" character varying, "created_at" timestamp NOT NULL, "updated_at" timestamp NOT NULL)[0m
  [1m[35m (195.6ms)[0m  [1m[35mCREATE UNIQUE INDEX  "index_condicions_on_condicion_nombre" ON "condicions"  ("condicion_nombre")[0m
  [1m[35mSQL (0.9ms)[0m  [1m[32mINSERT INTO "schema_migrations" ("version") VALUES ($1) RETURNING "version"[0m  [["version", "20170307184142"]]
  [1m[35m (83.4ms)[0m  [1m[35mCOMMIT[0m
  [1m[36mActiveRecord::InternalMetadata Load (0.7ms)[0m  [1m[34mSELECT  "ar_internal_metadata".* FROM "ar_internal_metadata" WHERE "ar_internal_metadata"."key" = $1 LIMIT $2[0m  [["key", :environment], ["LIMIT", 1]]
  [1m[35m (0.2ms)[0m  [1m[35mBEGIN[0m
  [1m[35mSQL (60.0ms)[0m  [1m[32mINSERT INTO "ar_internal_metadata" ("key", "value", "created_at", "updated_at") VALUES ($1, $2, $3, $4) RETURNING "key"[0m  [["key", "environment"], ["value", "development"], ["created_at", 2017-03-07 18:43:59 UTC], ["updated_at", 2017-03-07 18:43:59 UTC]]
  [1m[35m (115.3ms)[0m  [1m[35mCOMMIT[0m
  [1m[35m (0.6ms)[0m  [1m[34mSELECT pg_advisory_unlock(5275639258657711860)[0m
  [1m[36mActiveRecord::SchemaMigration Load (0.5ms)[0m  [1m[34mSELECT "schema_migrations".* FROM "schema_migrations"[0m
  [1m[35m (0.4ms)[0m  [1m[34mSELECT pg_try_advisory_lock(5275639258657711860);[0m
  [1m[36mActiveRecord::SchemaMigration Load (0.7ms)[0m  [1m[34mSELECT "schema_migrations".* FROM "schema_migrations"[0m
  [1m[36mActiveRecord::InternalMetadata Load (0.6ms)[0m  [1m[34mSELECT  "ar_internal_metadata".* FROM "ar_internal_metadata" WHERE "ar_internal_metadata"."key" = $1 LIMIT $2[0m  [["key", :environment], ["LIMIT", 1]]
  [1m[35m (0.3ms)[0m  [1m[35mBEGIN[0m
  [1m[35m (0.2ms)[0m  [1m[35mCOMMIT[0m
  [1m[35m (0.4ms)[0m  [1m[34mSELECT pg_advisory_unlock(5275639258657711860)[0m
  [1m[36mActiveRecord::SchemaMigration Load (0.4ms)[0m  [1m[34mSELECT "schema_migrations".* FROM "schema_migrations"[0m
